ark
blueman
bluez
bluez-utils
brightnessctl
cliphist
dolphin
dunst
firefox
grim
gst-plugin-pipewire
hyprland-git
imagemagick
kvantum
neofetch
networkmanager
network-manager-applet
nwg-look
pamixer
pavucontrol
pipewire
pipewire-alsa
pipewire-audio
pipewire-jack
pipewire-pulse
pokemon-colorscripts-git
polkit-kde-agent
qt5ct
qt5-graphicaleffects
qt5-imageformats
qt5-quickcontrols
qt5-quickcontrols2
qt5-wayland
qt6-wayland
rofi-lbonn-wayland-git
sddm-git
slurp
swappy
swaylock-effects-git
swww
vim
waybar
wezterm
wireplumber
wlogout
wofi
xdg-desktop-portal-hyprland
