ark
blueman
bluez
bluez-utils
brightnessctl
cliphist
dolphin
dunst
firefox
grim
gst-plugin-pipewire
hyprland
imagemagick
kvantum
neofetch
networkmanager
network-manager-applet
nwg-look
pamixer
pavucontrol
pipewire
pipewire-alsa
pipewire-audio
pipewire-jack
pipewire-pulse
gst-plugin-pipewire
wireplumber
networkmanager
network-manager-applet
bluez
bluez-utils
blueman
sddm
qt5-wayland
qt6-wayland
qt5-quickcontrols
qt5-quickcontrols2
qt5-wayland
qt6-wayland
rofi-lbonn-wayland-git
slurp
swappy
swaylock
swww
vim
waybar
wireplumber
wlogout
grimblast
hyprpicker
slurp
swappy
cliphist
polkit-kde-agent
xdg-desktop-portal-hyprland
pacman-contrib
python-pyamdgpuinfo
parallel
jq
imagemagick
qt5-imageformats
ffmpegthumbs
kde-cli-tools
brightnessctl
pavucontrol
pamixer
nwg-look
kvantum
qt5ct
firefox
kitty
neofetch
dolphin
visual-studio-code-bin
vim
ark
bat
bottom
fd
fish
fzf
gamemode
lazygit
lsd
mangohud
mullvad-vpn
ripgrep
signal-desktop
steam
starship
tealdeer
zellij
nvidia-dkms
nvidia-utils
